0 info it worked if it ends with ok
1 verbose cli [ '/usr/bin/node', '/usr/bin/npm', 'run', 'start:ts' ]
2 info using npm@3.5.2
3 info using node@v8.10.0
4 verbose run-script [ 'prestart:ts', 'start:ts', 'poststart:ts' ]
5 info lifecycle yurta@0.0.1~prestart:ts: yurta@0.0.1
6 silly lifecycle yurta@0.0.1~prestart:ts: no script for prestart:ts, continuing
7 info lifecycle yurta@0.0.1~start:ts: yurta@0.0.1
8 verbose lifecycle yurta@0.0.1~start:ts: unsafe-perm in lifecycle true
9 verbose lifecycle yurta@0.0.1~start:ts: PATH: /usr/share/npm/bin/node-gyp-bin:/home/ratiih/dev/yurta/node_modules/.bin:/home/ratiih/dev/yurta/node_modules/.bin:/usr/share/npm/bin/node-gyp-bin:/home/ratiih/dev/yurta/node_modules/.bin:/usr/local/sbin:/usr/local/bin:/usr/sbin:/usr/bin:/sbin:/bin:/usr/games:/usr/local/games:/mnt/d/Junk/Git/cmd:/mnt/c/Android:/mnt/c/Windows/System32:/mnt/c/Users/rateh/AppData/Local/Microsoft/WindowsApps:/mnt/d/Junk/Microsoft VS Code/bin:/mnt/d/SDK/flutter/bin:/mnt/d/Junk/Git/bin:/mnt/c/Users/rateh/AppData/Local/GitHubDesktop/bin:/mnt/d/SDK/IDEA/bin:/mnt/d/SDK/flutter/bin/cache/dart-sdk/bin:/snap/bin
10 verbose lifecycle yurta@0.0.1~start:ts: CWD: /home/ratiih/dev/yurta
11 silly lifecycle yurta@0.0.1~start:ts: Args: [ '-c',
11 silly lifecycle   'node --inspect=5858 -r ts-node/register ./server/main.ts' ]
12 silly lifecycle yurta@0.0.1~start:ts: Returned: code: 1  signal: null
13 info lifecycle yurta@0.0.1~start:ts: Failed to exec start:ts script
14 verbose stack Error: yurta@0.0.1 start:ts: `node --inspect=5858 -r ts-node/register ./server/main.ts`
14 verbose stack Exit status 1
14 verbose stack     at EventEmitter.<anonymous> (/usr/share/npm/lib/utils/lifecycle.js:232:16)
14 verbose stack     at emitTwo (events.js:126:13)
14 verbose stack     at EventEmitter.emit (events.js:214:7)
14 verbose stack     at ChildProcess.<anonymous> (/usr/share/npm/lib/utils/spawn.js:24:14)
14 verbose stack     at emitTwo (events.js:126:13)
14 verbose stack     at ChildProcess.emit (events.js:214:7)
14 verbose stack     at maybeClose (internal/child_process.js:925:16)
14 verbose stack     at Process.ChildProcess._handle.onexit (internal/child_process.js:209:5)
15 verbose pkgid yurta@0.0.1
16 verbose cwd /home/ratiih/dev/yurta
17 error Linux 4.4.0-17763-Microsoft
18 error argv "/usr/bin/node" "/usr/bin/npm" "run" "start:ts"
19 error node v8.10.0
20 error npm  v3.5.2
21 error code ELIFECYCLE
22 error yurta@0.0.1 start:ts: `node --inspect=5858 -r ts-node/register ./server/main.ts`
22 error Exit status 1
23 error Failed at the yurta@0.0.1 start:ts script 'node --inspect=5858 -r ts-node/register ./server/main.ts'.
23 error Make sure you have the latest version of node.js and npm installed.
23 error If you do, this is most likely a problem with the yurta package,
23 error not with npm itself.
23 error Tell the author that this fails on your system:
23 error     node --inspect=5858 -r ts-node/register ./server/main.ts
23 error You can get information on how to open an issue for this project with:
23 error     npm bugs yurta
23 error Or if that isn't available, you can get their info via:
23 error     npm owner ls yurta
23 error There is likely additional logging output above.
24 verbose exit [ 1, true ]
